app/build/intermediates/manifest_merge_blame_file/debug/processDebugMainManifest/manifest-merger-blame-debug-report.txt
1<?xml version="1.0" encoding="utf-8"?>
2<manifest xmlns:android="http://schemas.android.com/apk/res/android"
3    package="com.example.sentinelle"
4    android:versionCode="1"
5    android:versionName="1.0" >
6
7    <uses-sdk
8        android:minSdkVersion="24"
9        android:targetSdkVersion="34" />
10    <!-- Permissions nécessaires -->
11    <uses-permission android:name="android.permission.INTERNET" />
11-->src/main/AndroidManifest.xml:5:5-67
11-->src/main/AndroidManifest.xml:5:22-64
12    <uses-permission android:name="android.permission.ACCESS_COARSE_LOCATION" />
12-->src/main/AndroidManifest.xml:8:5-81
12-->src/main/AndroidManifest.xml:8:22-78
13    <uses-permission android:name="android.permission.ACCESS_FINE_LOCATION" />
13-->src/main/AndroidManifest.xml:9:5-79
13-->src/main/AndroidManifest.xml:9:22-76
14    <uses-permission android:name="android.permission.FOREGROUND_SERVICE" />
14-->src/main/AndroidManifest.xml:11:5-77
14-->src/main/AndroidManifest.xml:11:22-74
15    <uses-permission android:name="android.permission.FOREGROUND_SERVICE_LOCATION" />
15-->src/main/AndroidManifest.xml:12:5-86
15-->src/main/AndroidManifest.xml:12:22-83
16    <uses-permission android:name="android.permission.POST_NOTIFICATIONS" />
16-->src/main/AndroidManifest.xml:13:5-76
16-->src/main/AndroidManifest.xml:13:22-74
17
18    <permission
18-->[androidx.core:core:1.15.0] AndroidManifest.xml:22:5-24:47
19        android:name="com.example.sentinelle.DYNAMIC_RECEIVER_NOT_EXPORTED_PERMISSION"
19-->[androidx.core:core:1.15.0] AndroidManifest.xml:23:9-81
20        android:protectionLevel="signature" />
20-->[androidx.core:core:1.15.0] AndroidManifest.xml:24:9-44
21
22    <uses-permission android:name="com.example.sentinelle.DYNAMIC_RECEIVER_NOT_EXPORTED_PERMISSION" />
22-->[androidx.core:core:1.15.0] AndroidManifest.xml:26:5-97
22-->[androidx.core:core:1.15.0] AndroidManifest.xml:26:22-94
23
24    <application
24-->src/main/AndroidManifest.xml:15:5-82:19
25        android:name="com.example.sentinelle.App"
25-->src/main/AndroidManifest.xml:16:9-28
26        android:allowBackup="true"
26-->src/main/AndroidManifest.xml:17:9-35
27        android:appComponentFactory="androidx.core.app.CoreComponentFactory"
27-->[androidx.core:core:1.15.0] AndroidManifest.xml:28:18-86
28        android:dataExtractionRules="@xml/data_extraction_rules"
28-->src/main/AndroidManifest.xml:18:9-65
29        android:debuggable="true"
30        android:extractNativeLibs="false"
31        android:fullBackupContent="@xml/backup_rules"
31-->src/main/AndroidManifest.xml:19:9-54
32        android:icon="@mipmap/icon_main_app_dark"
32-->src/main/AndroidManifest.xml:20:9-50
33        android:label="@string/app_name"
33-->src/main/AndroidManifest.xml:21:9-41
34        android:roundIcon="@mipmap/ic_launcher_round"
34-->src/main/AndroidManifest.xml:22:9-54
35        android:supportsRtl="true"
35-->src/main/AndroidManifest.xml:23:9-35
36        android:testOnly="true"
37        android:theme="@style/Theme.Sentinelle" >
37-->src/main/AndroidManifest.xml:24:9-48
38
39        <!-- Déclaration de l'activité testativity -->
40        <activity
40-->src/main/AndroidManifest.xml:28:9-30:40
41            android:name="com.example.sentinelle.testativity"
41-->src/main/AndroidManifest.xml:29:13-62
42            android:exported="false" />
42-->src/main/AndroidManifest.xml:30:13-37
43
44        <!-- Autres activités -->
45        <activity
45-->src/main/AndroidManifest.xml:34:9-36:40
46            android:name="com.example.sentinelle.activity_home"
46-->src/main/AndroidManifest.xml:35:13-42
47            android:exported="false" />
47-->src/main/AndroidManifest.xml:36:13-37
48        <activity
48-->src/main/AndroidManifest.xml:37:9-39:40
49            android:name="com.example.sentinelle.activity_register"
49-->src/main/AndroidManifest.xml:38:13-46
50            android:exported="false" />
50-->src/main/AndroidManifest.xml:39:13-37
51        <activity
51-->src/main/AndroidManifest.xml:40:9-42:40
52            android:name="com.example.sentinelle.login_activity"
52-->src/main/AndroidManifest.xml:41:13-43
53            android:exported="false" />
53-->src/main/AndroidManifest.xml:42:13-37
54        <activity
54-->src/main/AndroidManifest.xml:43:9-46:52
55            android:name="com.example.sentinelle.home_choice_activity"
55-->src/main/AndroidManifest.xml:44:13-49
56            android:exported="false"
56-->src/main/AndroidManifest.xml:45:13-37
57            android:screenOrientation="portrait" />
57-->src/main/AndroidManifest.xml:46:13-49
58        <activity
58-->src/main/AndroidManifest.xml:47:9-50:52
59            android:name="com.example.sentinelle.tuto_four_activity"
59-->src/main/AndroidManifest.xml:48:13-47
60            android:exported="false"
60-->src/main/AndroidManifest.xml:49:13-37
61            android:screenOrientation="portrait" />
61-->src/main/AndroidManifest.xml:50:13-49
62        <activity
62-->src/main/AndroidManifest.xml:51:9-54:52
63            android:name="com.example.sentinelle.tuto_tree_activity"
63-->src/main/AndroidManifest.xml:52:13-47
64            android:exported="false"
64-->src/main/AndroidManifest.xml:53:13-37
65            android:screenOrientation="portrait" />
65-->src/main/AndroidManifest.xml:54:13-49
66        <activity
66-->src/main/AndroidManifest.xml:55:9-58:52
67            android:name="com.example.sentinelle.tuto_two_activity"
67-->src/main/AndroidManifest.xml:56:13-46
68            android:exported="false"
68-->src/main/AndroidManifest.xml:57:13-37
69            android:screenOrientation="portrait" />
69-->src/main/AndroidManifest.xml:58:13-49
70        <activity
70-->src/main/AndroidManifest.xml:59:9-62:52
71            android:name="com.example.sentinelle.TutoOneActivity"
71-->src/main/AndroidManifest.xml:60:13-44
72            android:exported="false"
72-->src/main/AndroidManifest.xml:61:13-37
73            android:screenOrientation="portrait" />
73-->src/main/AndroidManifest.xml:62:13-49
74
75        <!-- Déclaration de l'activité MainActivity -->
76        <activity
76-->src/main/AndroidManifest.xml:65:9-73:20
77            android:name="com.example.sentinelle.MainActivity"
77-->src/main/AndroidManifest.xml:66:13-41
78            android:exported="true"
78-->src/main/AndroidManifest.xml:67:13-36
79            android:screenOrientation="portrait" >
79-->src/main/AndroidManifest.xml:68:13-49
80            <intent-filter>
80-->src/main/AndroidManifest.xml:69:13-72:29
81                <action android:name="android.intent.action.MAIN" />
81-->src/main/AndroidManifest.xml:70:17-69
81-->src/main/AndroidManifest.xml:70:25-66
82
83                <category android:name="android.intent.category.LAUNCHER" />
83-->src/main/AndroidManifest.xml:71:17-77
83-->src/main/AndroidManifest.xml:71:27-74
84            </intent-filter>
85        </activity>
86
87        <meta-data
87-->src/main/AndroidManifest.xml:75:9-77:57
88            android:name="preloaded_fonts"
88-->src/main/AndroidManifest.xml:76:13-43
89            android:resource="@array/preloaded_fonts" />
89-->src/main/AndroidManifest.xml:77:13-54
90
91        <service
91-->src/main/AndroidManifest.xml:79:9-81:56
92            android:name="com.example.sentinelle.LocationTrackerService"
92-->src/main/AndroidManifest.xml:80:13-51
93            android:foregroundServiceType="location" />
93-->src/main/AndroidManifest.xml:81:13-53
94
95        <activity
95-->[androidx.compose.ui:ui-tooling-android:1.6.1] AndroidManifest.xml:23:9-25:39
96            android:name="androidx.compose.ui.tooling.PreviewActivity"
96-->[androidx.compose.ui:ui-tooling-android:1.6.1] AndroidManifest.xml:24:13-71
97            android:exported="true" />
97-->[androidx.compose.ui:ui-tooling-android:1.6.1] AndroidManifest.xml:25:13-36
98        <activity
98-->[androidx.compose.ui:ui-test-manifest:1.6.1] AndroidManifest.xml:23:9-25:39
99            android:name="androidx.activity.ComponentActivity"
99-->[androidx.compose.ui:ui-test-manifest:1.6.1] AndroidManifest.xml:24:13-63
100            android:exported="true" />
100-->[androidx.compose.ui:ui-test-manifest:1.6.1] AndroidManifest.xml:25:13-36
101        <activity
101-->[com.google.android.gms:play-services-base:18.5.0] AndroidManifest.xml:5:9-173
102            android:name="com.google.android.gms.common.api.GoogleApiActivity"
102-->[com.google.android.gms:play-services-base:18.5.0] AndroidManifest.xml:5:19-85
103            android:exported="false"
103-->[com.google.android.gms:play-services-base:18.5.0] AndroidManifest.xml:5:146-170
104            android:theme="@android:style/Theme.Translucent.NoTitleBar" />
104-->[com.google.android.gms:play-services-base:18.5.0] AndroidManifest.xml:5:86-145
105
106        <meta-data
106-->[com.google.android.gms:play-services-basement:18.4.0] AndroidManifest.xml:6:9-122
107            android:name="com.google.android.gms.version"
107-->[com.google.android.gms:play-services-basement:18.4.0] AndroidManifest.xml:6:20-65
108            android:value="@integer/google_play_services_version" />
108-->[com.google.android.gms:play-services-basement:18.4.0] AndroidManifest.xml:6:66-119
109
110        <provider
110-->[androidx.emoji2:emoji2:1.3.0] AndroidManifest.xml:24:9-32:20
111            android:name="androidx.startup.InitializationProvider"
111-->[androidx.emoji2:emoji2:1.3.0] AndroidManifest.xml:25:13-67
112            android:authorities="com.example.sentinelle.androidx-startup"
112-->[androidx.emoji2:emoji2:1.3.0] AndroidManifest.xml:26:13-68
113            android:exported="false" >
113-->[androidx.emoji2:emoji2:1.3.0] AndroidManifest.xml:27:13-37
114            <meta-data
114-->[androidx.emoji2:emoji2:1.3.0] AndroidManifest.xml:29:13-31:52
115                android:name="androidx.emoji2.text.EmojiCompatInitializer"
115-->[androidx.emoji2:emoji2:1.3.0] AndroidManifest.xml:30:17-75
116                android:value="androidx.startup" />
116-->[androidx.emoji2:emoji2:1.3.0] AndroidManifest.xml:31:17-49
117            <meta-data
117-->[androidx.lifecycle:lifecycle-process:2.7.0] AndroidManifest.xml:29:13-31:52
118                android:name="androidx.lifecycle.ProcessLifecycleInitializer"
118-->[androidx.lifecycle:lifecycle-process:2.7.0] AndroidManifest.xml:30:17-78
119                android:value="androidx.startup" />
119-->[androidx.lifecycle:lifecycle-process:2.7.0] AndroidManifest.xml:31:17-49
120            <meta-data
120-->[androidx.profileinstaller:profileinstaller:1.4.0] AndroidManifest.xml:29:13-31:52
121                android:name="androidx.profileinstaller.ProfileInstallerInitializer"
121-->[androidx.profileinstaller:profileinstaller:1.4.0] AndroidManifest.xml:30:17-85
122                android:value="androidx.startup" />
122-->[androidx.profileinstaller:profileinstaller:1.4.0] AndroidManifest.xml:31:17-49
123        </provider>
124
125        <receiver
125-->[androidx.profileinstaller:profileinstaller:1.4.0] AndroidManifest.xml:34:9-52:20
126            android:name="androidx.profileinstaller.ProfileInstallReceiver"
126-->[androidx.profileinstaller:profileinstaller:1.4.0] AndroidManifest.xml:35:13-76
127            android:directBootAware="false"
127-->[androidx.profileinstaller:profileinstaller:1.4.0] AndroidManifest.xml:36:13-44
128            android:enabled="true"
128-->[androidx.profileinstaller:profileinstaller:1.4.0] AndroidManifest.xml:37:13-35
129            android:exported="true"
129-->[androidx.profileinstaller:profileinstaller:1.4.0] AndroidManifest.xml:38:13-36
130            android:permission="android.permission.DUMP" >
130-->[androidx.profileinstaller:profileinstaller:1.4.0] AndroidManifest.xml:39:13-57
131            <intent-filter>
131-->[androidx.profileinstaller:profileinstaller:1.4.0] AndroidManifest.xml:40:13-42:29
132                <action android:name="androidx.profileinstaller.action.INSTALL_PROFILE" />
132-->[androidx.profileinstaller:profileinstaller:1.4.0] AndroidManifest.xml:41:17-91
132-->[androidx.profileinstaller:profileinstaller:1.4.0] AndroidManifest.xml:41:25-88
133            </intent-filter>
134            <intent-filter>
134-->[androidx.profileinstaller:profileinstaller:1.4.0] AndroidManifest.xml:43:13-45:29
135                <action android:name="androidx.profileinstaller.action.SKIP_FILE" />
135-->[androidx.profileinstaller:profileinstaller:1.4.0] AndroidManifest.xml:44:17-85
135-->[androidx.profileinstaller:profileinstaller:1.4.0] AndroidManifest.xml:44:25-82
136            </intent-filter>
137            <intent-filter>
137-->[androidx.profileinstaller:profileinstaller:1.4.0] AndroidManifest.xml:46:13-48:29
138                <action android:name="androidx.profileinstaller.action.SAVE_PROFILE" />
138-->[androidx.profileinstaller:profileinstaller:1.4.0] AndroidManifest.xml:47:17-88
138-->[androidx.profileinstaller:profileinstaller:1.4.0] AndroidManifest.xml:47:25-85
139            </intent-filter>
140            <intent-filter>
140-->[androidx.profileinstaller:profileinstaller:1.4.0] AndroidManifest.xml:49:13-51:29
141                <action android:name="androidx.profileinstaller.action.BENCHMARK_OPERATION" />
141-->[androidx.profileinstaller:profileinstaller:1.4.0] AndroidManifest.xml:50:17-95
141-->[androidx.profileinstaller:profileinstaller:1.4.0] AndroidManifest.xml:50:25-92
142            </intent-filter>
143        </receiver>
144    </application>
145
146</manifest>